/shared/centos7/anaconda3/2021.11/envs/BINF-12-2021/bin/quast.py spades_test/contigs.fasta

Version: 5.0.2

System information:
  OS: Linux-3.10.0-1160.25.1.el7.x86_64-x86_64-with-centos-7.9.2009-Core (linux_64)
  Python version: 3.7.11
  CPUs number: 48

Started: 2022-11-07 22:24:30

Logging to /scratch/limmala.p/data/quast_results/results_2022_11_07_22_24_29/quast.log
NOTICE: Maximum number of threads is set to 12 (use --threads option to set it manually)

CWD: /scratch/limmala.p/data
Main parameters: 
  MODE: default, threads: 12, minimum contig length: 500, minimum alignment length: 65, \
  ambiguity: one, threshold for extensive misassembly size: 1000

Contigs:
  Pre-processing...
  spades_test/contigs.fasta ==> contigs

2022-11-07 22:24:31
Running Basic statistics processor...
  Contig files: 
    contigs
  Calculating N50 and L50...
    contigs, N50 = 1000, L50 = 1, Total length = 1000, GC % = 50.70, # N's per 100 kbp =  0.00
  Drawing Nx plot...
    saved to /scratch/limmala.p/data/quast_results/results_2022_11_07_22_24_29/basic_stats/Nx_plot.pdf
  Drawing cumulative plot...
    saved to /scratch/limmala.p/data/quast_results/results_2022_11_07_22_24_29/basic_stats/cumulative_plot.pdf
  Drawing GC content plot...
    saved to /scratch/limmala.p/data/quast_results/results_2022_11_07_22_24_29/basic_stats/GC_content_plot.pdf
  Drawing contigs GC content plot...
    saved to /scratch/limmala.p/data/quast_results/results_2022_11_07_22_24_29/basic_stats/contigs_GC_content_plot.pdf
  Drawing Coverage histogram (bin size: 1x)...
    saved to /scratch/limmala.p/data/quast_results/results_2022_11_07_22_24_29/basic_stats/coverage_histogram.pdf
  Drawing contigs coverage histogram (bin size: 1x)...
    saved to /scratch/limmala.p/data/quast_results/results_2022_11_07_22_24_29/basic_stats/contigs_coverage_histogram.pdf
Done.

NOTICE: Genes are not predicted by default. Use --gene-finding or --glimmer option to enable it.

2022-11-07 22:24:33
Creating large visual summaries...
This may take a while: press Ctrl-C to skip this step..
  1 of 2: Creating Icarus viewers...
  2 of 2: Creating PDF with all tables and plots...
Done

2022-11-07 22:24:34
RESULTS:
  Text versions of total report are saved to /scratch/limmala.p/data/quast_results/results_2022_11_07_22_24_29/report.txt, report.tsv, and report.tex
  Text versions of transposed total report are saved to /scratch/limmala.p/data/quast_results/results_2022_11_07_22_24_29/transposed_report.txt, transposed_report.tsv, and transposed_report.tex
  HTML version (interactive tables and plots) is saved to /scratch/limmala.p/data/quast_results/results_2022_11_07_22_24_29/report.html
  PDF version (tables and plots) is saved to /scratch/limmala.p/data/quast_results/results_2022_11_07_22_24_29/report.pdf
  Icarus (contig browser) is saved to /scratch/limmala.p/data/quast_results/results_2022_11_07_22_24_29/icarus.html
  Log is saved to /scratch/limmala.p/data/quast_results/results_2022_11_07_22_24_29/quast.log

Finished: 2022-11-07 22:24:34
Elapsed time: 0:00:04.013093
NOTICEs: 2; WARNINGs: 0; non-fatal ERRORs: 0

Thank you for using QUAST!
